<?xml version="1.0" encoding="UTF-8"?>
<!-- Generated by org.testng.reporters.JUnitXMLReporter -->
<testsuite ignored="0" hostname="LAPTOP-OHHLROI9" failures="0" tests="5" name="Default test" time="17.624" errors="0" timestamp="2025-07-31T14:35:45 IST">
  <testcase classname="tests.LoginPageTests" name="handleNotificationReloadPage" time="10.493"/>
  <testcase classname="tests.LoginPageTests" name="testLoginButtonEnabledWhenFieldsAreEmpty" time="0.042"/>
  <testcase classname="tests.LoginPageTests" name="testPasswordMaskedButton" time="0.247"/>
  <testcase classname="tests.LoginPageTests" name="testInvalidLoginShowsErrorMsg" time="2.218"/>
  <testcase classname="tests.LoginPageTests" name="testPageElementsPresence" time="0.12"/>
</testsuite> <!-- Default test -->
