<?xml version="1.0" encoding="UTF-8"?>
<!-- Generated by org.testng.reporters.JUnitXMLReporter -->
<testsuite ignored="0" hostname="LAPTOP-OHHLROI9" failures="1" tests="5" name="Login Test Cases" time="15.9" errors="0" timestamp="2025-07-31T14:30:25 IST">
  <testcase classname="tests.LoginPageTests" name="handleNotificationReloadPage" time="10.077"/>
  <testcase classname="tests.LoginPageTests" name="testLoginButtonDisabledWhenFieldsAreEmpty" time="0.049">
    <failure type="java.lang.AssertionError" message="Login button should be disabled when fields are empty">
      <![CDATA[java.lang.AssertionError: Login button should be disabled when fields are empty
at tests.LoginPageTests.testLoginButtonDisabledWhenFieldsAreEmpty(LoginPageTests.java:36)
at java.base/java.util.ArrayList.forEach(ArrayList.java:1511)
... Removed 28 stack frames]]>
    </failure>
  </testcase> <!-- testLoginButtonDisabledWhenFieldsAreEmpty -->
  <testcase classname="tests.LoginPageTests" name="testPasswordMaskedButton" time="0.212"/>
  <testcase classname="tests.LoginPageTests" name="testInvalidLoginShowsErrorMsg" time="2.232"/>
  <testcase classname="tests.LoginPageTests" name="testPageElementsPresence" time="0.116"/>
</testsuite> <!-- Login Test Cases -->
