<?xml version="1.0" encoding="UTF-8"?>
<testng-results ignored="0" total="5" passed="5" failed="0" skipped="0">
  <reporter-output>
  </reporter-output>
  <suite started-at="2025-07-31T14:35:28 IST" name="Default suite" finished-at="2025-07-31T14:35:45 IST" duration-ms="17624">
    <groups>
    </groups>
    <test started-at="2025-07-31T14:35:28 IST" name="Default test" finished-at="2025-07-31T14:35:45 IST" duration-ms="17624">
      <class name="tests.LoginPageTests">
        <test-method is-config="true" signature="setup()[pri:0, instance:tests.LoginPageTests@6989da5e]" started-at="2025-07-31T14:35:28 IST" name="setup" finished-at="2025-07-31T14:35:32 IST" duration-ms="4218" status="PASS">
          <reporter-output>
          </reporter-output>
        </test-method> <!-- setup -->
        <test-method signature="handleNotificationReloadPage()[pri:1, instance:tests.LoginPageTests@6989da5e]" started-at="2025-07-31T14:35:32 IST" name="handleNotificationReloadPage" finished-at="2025-07-31T14:35:42 IST" duration-ms="10493" status="PASS">
          <reporter-output>
          </reporter-output>
        </test-method> <!-- handleNotificationReloadPage -->
        <test-method signature="testLoginButtonEnabledWhenFieldsAreEmpty()[pri:2, instance:tests.LoginPageTests@6989da5e]" started-at="2025-07-31T14:35:42 IST" name="testLoginButtonEnabledWhenFieldsAreEmpty" finished-at="2025-07-31T14:35:42 IST" duration-ms="42" status="PASS">
          <reporter-output>
          </reporter-output>
        </test-method> <!-- testLoginButtonEnabledWhenFieldsAreEmpty -->
        <test-method signature="testPasswordMaskedButton()[pri:3, instance:tests.LoginPageTests@6989da5e]" started-at="2025-07-31T14:35:42 IST" name="testPasswordMaskedButton" finished-at="2025-07-31T14:35:43 IST" duration-ms="247" status="PASS">
          <reporter-output>
          </reporter-output>
        </test-method> <!-- testPasswordMaskedButton -->
        <test-method signature="testInvalidLoginShowsErrorMsg()[pri:4, instance:tests.LoginPageTests@6989da5e]" started-at="2025-07-31T14:35:43 IST" name="testInvalidLoginShowsErrorMsg" finished-at="2025-07-31T14:35:45 IST" duration-ms="2218" status="PASS">
          <reporter-output>
          </reporter-output>
        </test-method> <!-- testInvalidLoginShowsErrorMsg -->
        <test-method signature="testPageElementsPresence()[pri:5, instance:tests.LoginPageTests@6989da5e]" started-at="2025-07-31T14:35:45 IST" name="testPageElementsPresence" finished-at="2025-07-31T14:35:45 IST" duration-ms="120" status="PASS">
          <reporter-output>
          </reporter-output>
        </test-method> <!-- testPageElementsPresence -->
        <test-method is-config="true" signature="tearDown()[pri:0, instance:tests.LoginPageTests@6989da5e]" started-at="2025-07-31T14:35:45 IST" name="tearDown" finished-at="2025-07-31T14:35:45 IST" duration-ms="229" status="PASS">
          <reporter-output>
          </reporter-output>
        </test-method> <!-- tearDown -->
      </class> <!-- tests.LoginPageTests -->
    </test> <!-- Default test -->
  </suite> <!-- Default suite -->
</testng-results>
